<?xml version="1.0" encoding="UTF-8"?>
<!-- Generated by org.testng.reporters.JUnitReportReporter -->
<testsuite hostname="LAPTOP-5TIT49CS" failures="0" tests="2" name="com.Hrms.tests.TestPIMPage" time="26.235" errors="0" timestamp="2024-09-27T14:23:58 IST" skipped="1">
  <testcase classname="com.Hrms.tests.TestPIMPage" name="addEmployee" time="26.235"/>
  <system-out/>
  <testcase classname="com.Hrms.tests.TestPIMPage" name="searchEmployee">
    <skipped/>
  </testcase> <!-- searchEmployee -->
  <system-out/>
</testsuite> <!-- com.Hrms.tests.TestPIMPage -->
